DEB [20160331-14:16:10.505] thr=1   paramiko.transport: starting thread (client mode): 0x2f97630L
DEB [20160331-14:16:10.505] thr=1   paramiko.transport: Local version/idstring: SSH-2.0-paramiko_1.16.0
DEB [20160331-14:16:10.520] thr=1   paramiko.transport: Remote version/idstring: SSH-2.0-OpenSSH_5.3
INF [20160331-14:16:10.520] thr=1   paramiko.transport: Connected (version 2.0, client OpenSSH_5.3)
DEB [20160331-14:16:10.520] thr=1   paramiko.transport: kex algos:[u'diffie-hellman-group-exchange-sha256', u'diffie-hellman-group-exchange-sha1', u'diffie-hellman-group14-sha1', u'diffie-hellman-group1-sha1'] server key:[u'ssh-rsa', u'ssh-dss'] client encrypt:[u'aes128-ctr', u'aes192-ctr', u'aes256-ctr', u'arcfour256', u'arcfour128', u'aes128-cbc', u'3des-cbc', u'blowfish-cbc', u'cast128-cbc', u'aes192-cbc', u'aes256-cbc', u'arcfour', u'rijndael-cbc@lysator.liu.se'] server encrypt:[u'aes128-ctr', u'aes192-ctr', u'aes256-ctr', u'arcfour256', u'arcfour128', u'aes128-cbc', u'3des-cbc', u'blowfish-cbc', u'cast128-cbc', u'aes192-cbc', u'aes256-cbc', u'arcfour', u'rijndael-cbc@lysator.liu.se'] client mac:[u'hmac-md5', u'hmac-sha1', u'umac-64@openssh.com', u'hmac-sha2-256', u'hmac-sha2-512', u'hmac-ripemd160', u'hmac-ripemd160@openssh.com', u'hmac-sha1-96', u'hmac-md5-96'] server mac:[u'hmac-md5', u'hmac-sha1', u'umac-64@openssh.com', u'hmac-sha2-256', u'hmac-sha2-512', u'hmac-ripemd160', u'hmac-ripemd160@openssh.com', u'hmac-sha1-96', u'hmac-md5-96'] client compress:[u'none', u'zlib@openssh.com'] server compress:[u'none', u'zlib@openssh.com'] client lang:[u''] server lang:[u''] kex follows?False
DEB [20160331-14:16:10.520] thr=1   paramiko.transport: Kex agreed: diffie-hellman-group1-sha1
DEB [20160331-14:16:10.520] thr=1   paramiko.transport: Cipher agreed: aes128-ctr
DEB [20160331-14:16:10.520] thr=1   paramiko.transport: MAC agreed: hmac-sha2-256
DEB [20160331-14:16:10.520] thr=1   paramiko.transport: Compression agreed: none
DEB [20160331-14:16:10.536] thr=1   paramiko.transport: kex engine KexGroup1 specified hash_algo <built-in function openssl_sha1>
DEB [20160331-14:16:10.536] thr=1   paramiko.transport: Switch to new keys ...
DEB [20160331-14:16:10.552] thr=2   paramiko.transport: Adding ssh-rsa host key for ctr-prd.bns: 24ae137473ffeca045acabb263fe31ad
DEB [20160331-14:16:10.566] thr=1   paramiko.transport: userauth is OK
INF [20160331-14:16:10.598] thr=1   paramiko.transport: Authentication (password) successful!
DEB [20160331-14:16:10.614] thr=2   paramiko.transport: [chan 0] Max packet in: 32768 bytes
DEB [20160331-14:16:10.614] thr=1   paramiko.transport: [chan 0] Max packet out: 32768 bytes
DEB [20160331-14:16:10.614] thr=1   paramiko.transport: Secsh channel 0 opened.
DEB [20160331-14:16:10.630] thr=1   paramiko.transport: [chan 0] Sesch channel 0 request ok
DEB [20160331-14:16:10.630] thr=2   paramiko.transport: [chan 1] Max packet in: 32768 bytes
DEB [20160331-14:16:10.630] thr=1   paramiko.transport: [chan 1] Max packet out: 32768 bytes
DEB [20160331-14:16:10.630] thr=1   paramiko.transport: Secsh channel 1 opened.
DEB [20160331-14:16:10.644] thr=1   paramiko.transport: [chan 1] Sesch channel 1 request ok
INF [20160331-14:16:10.644] thr=2   paramiko.transport.sftp: [chan 1] Opened sftp connection (server version 3)
DEB [20160331-14:16:10.644] thr=2   paramiko.transport.sftp: [chan 1] listdir('/opt/ctr/ctr/ctrapp/ctr/ctrarchive/outfiles/riskwatch/')
DEB [20160331-14:16:10.644] thr=1   paramiko.transport: [chan 0] EOF received (0)
DEB [20160331-14:16:10.644] thr=1   paramiko.transport: [chan 0] EOF sent (0)
DEB [20160331-14:16:10.707] thr=2   paramiko.transport.sftp: [chan 1] stat('/opt/ctr/ctr/ctrapp/ctr/ctrarchive/outfiles/riskwatch/GSBL_SBL_Exposure_D_20160330_25_Stress_Testing.csv')
DEB [20160331-14:16:10.707] thr=2   paramiko.transport.sftp: [chan 1] open('/opt/ctr/ctr/ctrapp/ctr/ctrarchive/outfiles/riskwatch/GSBL_SBL_Exposure_D_20160330_25_Stress_Testing.csv', 'rb')
DEB [20160331-14:16:10.707] thr=2   paramiko.transport.sftp: [chan 1] open('/opt/ctr/ctr/ctrapp/ctr/ctrarchive/outfiles/riskwatch/GSBL_SBL_Exposure_D_20160330_25_Stress_Testing.csv', 'rb') -> 00000000
DEB [20160331-14:16:11.908] thr=2   paramiko.transport.sftp: [chan 1] close(00000000)
DEB [20160331-14:16:11.908] thr=2   paramiko.transport.sftp: [chan 1] stat('/opt/ctr/ctr/ctrapp/ctr/ctrarchive/outfiles/riskwatch/GSBL_SBL_Exposure_D_20160330_25_Stress_Testing.csv.mrk')
DEB [20160331-14:16:11.908] thr=2   paramiko.transport.sftp: [chan 1] open('/opt/ctr/ctr/ctrapp/ctr/ctrarchive/outfiles/riskwatch/GSBL_SBL_Exposure_D_20160330_25_Stress_Testing.csv.mrk', 'rb')
DEB [20160331-14:16:11.910] thr=2   paramiko.transport.sftp: [chan 1] open('/opt/ctr/ctr/ctrapp/ctr/ctrarchive/outfiles/riskwatch/GSBL_SBL_Exposure_D_20160330_25_Stress_Testing.csv.mrk', 'rb') -> 00000000
DEB [20160331-14:16:11.910] thr=2   paramiko.transport.sftp: [chan 1] close(00000000)
DEB [20160331-14:16:11.910] thr=2   paramiko.transport.sftp: [chan 1] stat('/opt/ctr/ctr/ctrapp/ctr/ctrarchive/outfiles/riskwatch/GSBL_CSM_Zero_Coupon_Bond_D_20160330_25_Stress_Testing.csv')
DEB [20160331-14:16:11.910] thr=2   paramiko.transport.sftp: [chan 1] open('/opt/ctr/ctr/ctrapp/ctr/ctrarchive/outfiles/riskwatch/GSBL_CSM_Zero_Coupon_Bond_D_20160330_25_Stress_Testing.csv', 'rb')
DEB [20160331-14:16:11.910] thr=2   paramiko.transport.sftp: [chan 1] open('/opt/ctr/ctr/ctrapp/ctr/ctrarchive/outfiles/riskwatch/GSBL_CSM_Zero_Coupon_Bond_D_20160330_25_Stress_Testing.csv', 'rb') -> 00000000
DEB [20160331-14:16:11.940] thr=2   paramiko.transport.sftp: [chan 1] close(00000000)
DEB [20160331-14:16:11.957] thr=2   paramiko.transport.sftp: [chan 1] stat('/opt/ctr/ctr/ctrapp/ctr/ctrarchive/outfiles/riskwatch/GSBL_CSM_Zero_Coupon_Bond_D_20160330_25_Stress_Testing.csv.mrk')
DEB [20160331-14:16:11.957] thr=2   paramiko.transport.sftp: [chan 1] open('/opt/ctr/ctr/ctrapp/ctr/ctrarchive/outfiles/riskwatch/GSBL_CSM_Zero_Coupon_Bond_D_20160330_25_Stress_Testing.csv.mrk', 'rb')
DEB [20160331-14:16:11.957] thr=2   paramiko.transport.sftp: [chan 1] open('/opt/ctr/ctr/ctrapp/ctr/ctrarchive/outfiles/riskwatch/GSBL_CSM_Zero_Coupon_Bond_D_20160330_25_Stress_Testing.csv.mrk', 'rb') -> 00000000
DEB [20160331-14:16:11.957] thr=2   paramiko.transport.sftp: [chan 1] close(00000000)
DEB [20160331-14:16:11.957] thr=2   paramiko.transport.sftp: [chan 1] stat('/opt/ctr/ctr/ctrapp/ctr/ctrarchive/outfiles/riskwatch/GSBL_CSM_Inflation_Linked_Bond_D_20160330_25_Stress_Testing.csv')
DEB [20160331-14:16:11.971] thr=2   paramiko.transport.sftp: [chan 1] open('/opt/ctr/ctr/ctrapp/ctr/ctrarchive/outfiles/riskwatch/GSBL_CSM_Inflation_Linked_Bond_D_20160330_25_Stress_Testing.csv', 'rb')
DEB [20160331-14:16:11.971] thr=2   paramiko.transport.sftp: [chan 1] open('/opt/ctr/ctr/ctrapp/ctr/ctrarchive/outfiles/riskwatch/GSBL_CSM_Inflation_Linked_Bond_D_20160330_25_Stress_Testing.csv', 'rb') -> 00000000
DEB [20160331-14:16:11.987] thr=2   paramiko.transport.sftp: [chan 1] close(00000000)
DEB [20160331-14:16:11.987] thr=2   paramiko.transport.sftp: [chan 1] stat('/opt/ctr/ctr/ctrapp/ctr/ctrarchive/outfiles/riskwatch/GSBL_CSM_Inflation_Linked_Bond_D_20160330_25_Stress_Testing.csv.mrk')
DEB [20160331-14:16:11.987] thr=2   paramiko.transport.sftp: [chan 1] open('/opt/ctr/ctr/ctrapp/ctr/ctrarchive/outfiles/riskwatch/GSBL_CSM_Inflation_Linked_Bond_D_20160330_25_Stress_Testing.csv.mrk', 'rb')
DEB [20160331-14:16:11.987] thr=2   paramiko.transport.sftp: [chan 1] open('/opt/ctr/ctr/ctrapp/ctr/ctrarchive/outfiles/riskwatch/GSBL_CSM_Inflation_Linked_Bond_D_20160330_25_Stress_Testing.csv.mrk', 'rb') -> 00000000
DEB [20160331-14:16:12.003] thr=2   paramiko.transport.sftp: [chan 1] close(00000000)
DEB [20160331-14:16:12.019] thr=2   paramiko.transport.sftp: [chan 1] stat('/opt/ctr/ctr/ctrapp/ctr/ctrarchive/outfiles/riskwatch/GSBL_CSM_Mortgage_Backed_Security_D_20160330_25_Stress_Testing.csv')
DEB [20160331-14:16:12.019] thr=2   paramiko.transport.sftp: [chan 1] open('/opt/ctr/ctr/ctrapp/ctr/ctrarchive/outfiles/riskwatch/GSBL_CSM_Mortgage_Backed_Security_D_20160330_25_Stress_Testing.csv', 'rb')
DEB [20160331-14:16:12.019] thr=2   paramiko.transport.sftp: [chan 1] open('/opt/ctr/ctr/ctrapp/ctr/ctrarchive/outfiles/riskwatch/GSBL_CSM_Mortgage_Backed_Security_D_20160330_25_Stress_Testing.csv', 'rb') -> 00000000
DEB [20160331-14:16:12.035] thr=2   paramiko.transport.sftp: [chan 1] close(00000000)
DEB [20160331-14:16:12.035] thr=2   paramiko.transport.sftp: [chan 1] stat('/opt/ctr/ctr/ctrapp/ctr/ctrarchive/outfiles/riskwatch/GSBL_CSM_Mortgage_Backed_Security_D_20160330_25_Stress_Testing.csv.mrk')
DEB [20160331-14:16:12.035] thr=2   paramiko.transport.sftp: [chan 1] open('/opt/ctr/ctr/ctrapp/ctr/ctrarchive/outfiles/riskwatch/GSBL_CSM_Mortgage_Backed_Security_D_20160330_25_Stress_Testing.csv.mrk', 'rb')
DEB [20160331-14:16:12.049] thr=2   paramiko.transport.sftp: [chan 1] open('/opt/ctr/ctr/ctrapp/ctr/ctrarchive/outfiles/riskwatch/GSBL_CSM_Mortgage_Backed_Security_D_20160330_25_Stress_Testing.csv.mrk', 'rb') -> 00000000
DEB [20160331-14:16:12.049] thr=2   paramiko.transport.sftp: [chan 1] close(00000000)
DEB [20160331-14:16:12.049] thr=2   paramiko.transport.sftp: [chan 1] stat('/opt/ctr/ctr/ctrapp/ctr/ctrarchive/outfiles/riskwatch/GSBL_CSM_Floating_Rate_Note_D_20160330_25_Stress_Testing.csv')
DEB [20160331-14:16:12.065] thr=2   paramiko.transport.sftp: [chan 1] open('/opt/ctr/ctr/ctrapp/ctr/ctrarchive/outfiles/riskwatch/GSBL_CSM_Floating_Rate_Note_D_20160330_25_Stress_Testing.csv', 'rb')
DEB [20160331-14:16:12.065] thr=2   paramiko.transport.sftp: [chan 1] open('/opt/ctr/ctr/ctrapp/ctr/ctrarchive/outfiles/riskwatch/GSBL_CSM_Floating_Rate_Note_D_20160330_25_Stress_Testing.csv', 'rb') -> 00000000
DEB [20160331-14:16:12.065] thr=2   paramiko.transport.sftp: [chan 1] close(00000000)
DEB [20160331-14:16:12.065] thr=2   paramiko.transport.sftp: [chan 1] stat('/opt/ctr/ctr/ctrapp/ctr/ctrarchive/outfiles/riskwatch/GSBL_CSM_Floating_Rate_Note_D_20160330_25_Stress_Testing.csv.mrk')
DEB [20160331-14:16:12.065] thr=2   paramiko.transport.sftp: [chan 1] open('/opt/ctr/ctr/ctrapp/ctr/ctrarchive/outfiles/riskwatch/GSBL_CSM_Floating_Rate_Note_D_20160330_25_Stress_Testing.csv.mrk', 'rb')
DEB [20160331-14:16:12.082] thr=2   paramiko.transport.sftp: [chan 1] open('/opt/ctr/ctr/ctrapp/ctr/ctrarchive/outfiles/riskwatch/GSBL_CSM_Floating_Rate_Note_D_20160330_25_Stress_Testing.csv.mrk', 'rb') -> 00000000
DEB [20160331-14:16:12.096] thr=2   paramiko.transport.sftp: [chan 1] close(00000000)
DEB [20160331-14:16:12.096] thr=2   paramiko.transport.sftp: [chan 1] stat('/opt/ctr/ctr/ctrapp/ctr/ctrarchive/outfiles/riskwatch/GSBL_SBL_Collateral_D_20160330_25_Stress_Testing.csv')
DEB [20160331-14:16:12.096] thr=2   paramiko.transport.sftp: [chan 1] open('/opt/ctr/ctr/ctrapp/ctr/ctrarchive/outfiles/riskwatch/GSBL_SBL_Collateral_D_20160330_25_Stress_Testing.csv', 'rb')
DEB [20160331-14:16:12.096] thr=2   paramiko.transport.sftp: [chan 1] open('/opt/ctr/ctr/ctrapp/ctr/ctrarchive/outfiles/riskwatch/GSBL_SBL_Collateral_D_20160330_25_Stress_Testing.csv', 'rb') -> 00000000
DEB [20160331-14:16:12.190] thr=2   paramiko.transport.sftp: [chan 1] close(00000000)
DEB [20160331-14:16:12.190] thr=2   paramiko.transport.sftp: [chan 1] stat('/opt/ctr/ctr/ctrapp/ctr/ctrarchive/outfiles/riskwatch/GSBL_SBL_Collateral_D_20160330_25_Stress_Testing.csv.mrk')
DEB [20160331-14:16:12.190] thr=2   paramiko.transport.sftp: [chan 1] open('/opt/ctr/ctr/ctrapp/ctr/ctrarchive/outfiles/riskwatch/GSBL_SBL_Collateral_D_20160330_25_Stress_Testing.csv.mrk', 'rb')
DEB [20160331-14:16:12.206] thr=2   paramiko.transport.sftp: [chan 1] open('/opt/ctr/ctr/ctrapp/ctr/ctrarchive/outfiles/riskwatch/GSBL_SBL_Collateral_D_20160330_25_Stress_Testing.csv.mrk', 'rb') -> 00000000
DEB [20160331-14:16:12.221] thr=2   paramiko.transport.sftp: [chan 1] close(00000000)
DEB [20160331-14:16:12.221] thr=2   paramiko.transport.sftp: [chan 1] stat('/opt/ctr/ctr/ctrapp/ctr/ctrarchive/outfiles/riskwatch/GSBL_Portfolio_SBL_D_20160330_25_Stress_Testing.csv')
DEB [20160331-14:16:12.221] thr=2   paramiko.transport.sftp: [chan 1] open('/opt/ctr/ctr/ctrapp/ctr/ctrarchive/outfiles/riskwatch/GSBL_Portfolio_SBL_D_20160330_25_Stress_Testing.csv', 'rb')
DEB [20160331-14:16:12.221] thr=2   paramiko.transport.sftp: [chan 1] open('/opt/ctr/ctr/ctrapp/ctr/ctrarchive/outfiles/riskwatch/GSBL_Portfolio_SBL_D_20160330_25_Stress_Testing.csv', 'rb') -> 00000000
DEB [20160331-14:16:12.283] thr=2   paramiko.transport.sftp: [chan 1] close(00000000)
DEB [20160331-14:16:12.283] thr=2   paramiko.transport.sftp: [chan 1] stat('/opt/ctr/ctr/ctrapp/ctr/ctrarchive/outfiles/riskwatch/GSBL_Portfolio_SBL_D_20160330_25_Stress_Testing.csv.mrk')
DEB [20160331-14:16:12.299] thr=2   paramiko.transport.sftp: [chan 1] open('/opt/ctr/ctr/ctrapp/ctr/ctrarchive/outfiles/riskwatch/GSBL_Portfolio_SBL_D_20160330_25_Stress_Testing.csv.mrk', 'rb')
DEB [20160331-14:16:12.299] thr=2   paramiko.transport.sftp: [chan 1] open('/opt/ctr/ctr/ctrapp/ctr/ctrarchive/outfiles/riskwatch/GSBL_Portfolio_SBL_D_20160330_25_Stress_Testing.csv.mrk', 'rb') -> 00000000
DEB [20160331-14:16:12.315] thr=2   paramiko.transport.sftp: [chan 1] close(00000000)
DEB [20160331-14:16:12.315] thr=2   paramiko.transport.sftp: [chan 1] stat('/opt/ctr/ctr/ctrapp/ctr/ctrarchive/outfiles/riskwatch/GSBL_Position_OTC_D_20160330_25_Stress_Testing.csv')
DEB [20160331-14:16:12.315] thr=2   paramiko.transport.sftp: [chan 1] open('/opt/ctr/ctr/ctrapp/ctr/ctrarchive/outfiles/riskwatch/GSBL_Position_OTC_D_20160330_25_Stress_Testing.csv', 'rb')
DEB [20160331-14:16:12.331] thr=2   paramiko.transport.sftp: [chan 1] open('/opt/ctr/ctr/ctrapp/ctr/ctrarchive/outfiles/riskwatch/GSBL_Position_OTC_D_20160330_25_Stress_Testing.csv', 'rb') -> 00000000
DEB [20160331-14:16:12.346] thr=2   paramiko.transport.sftp: [chan 1] close(00000000)
DEB [20160331-14:16:12.346] thr=2   paramiko.transport.sftp: [chan 1] stat('/opt/ctr/ctr/ctrapp/ctr/ctrarchive/outfiles/riskwatch/GSBL_Position_OTC_D_20160330_25_Stress_Testing.csv.mrk')
DEB [20160331-14:16:12.346] thr=2   paramiko.transport.sftp: [chan 1] open('/opt/ctr/ctr/ctrapp/ctr/ctrarchive/outfiles/riskwatch/GSBL_Position_OTC_D_20160330_25_Stress_Testing.csv.mrk', 'rb')
DEB [20160331-14:16:12.346] thr=2   paramiko.transport.sftp: [chan 1] open('/opt/ctr/ctr/ctrapp/ctr/ctrarchive/outfiles/riskwatch/GSBL_Position_OTC_D_20160330_25_Stress_Testing.csv.mrk', 'rb') -> 00000000
DEB [20160331-14:16:12.361] thr=2   paramiko.transport.sftp: [chan 1] close(00000000)
DEB [20160331-14:16:12.361] thr=2   paramiko.transport.sftp: [chan 1] stat('/opt/ctr/ctr/ctrapp/ctr/ctrarchive/outfiles/riskwatch/GSBL_CSM_T-Bill_D_20160330_25_Stress_Testing.csv')
DEB [20160331-14:16:12.361] thr=2   paramiko.transport.sftp: [chan 1] open('/opt/ctr/ctr/ctrapp/ctr/ctrarchive/outfiles/riskwatch/GSBL_CSM_T-Bill_D_20160330_25_Stress_Testing.csv', 'rb')
DEB [20160331-14:16:12.361] thr=2   paramiko.transport.sftp: [chan 1] open('/opt/ctr/ctr/ctrapp/ctr/ctrarchive/outfiles/riskwatch/GSBL_CSM_T-Bill_D_20160330_25_Stress_Testing.csv', 'rb') -> 00000000
DEB [20160331-14:16:12.394] thr=2   paramiko.transport.sftp: [chan 1] close(00000000)
DEB [20160331-14:16:12.394] thr=2   paramiko.transport.sftp: [chan 1] stat('/opt/ctr/ctr/ctrapp/ctr/ctrarchive/outfiles/riskwatch/GSBL_CSM_T-Bill_D_20160330_25_Stress_Testing.csv.mrk')
DEB [20160331-14:16:12.394] thr=2   paramiko.transport.sftp: [chan 1] open('/opt/ctr/ctr/ctrapp/ctr/ctrarchive/outfiles/riskwatch/GSBL_CSM_T-Bill_D_20160330_25_Stress_Testing.csv.mrk', 'rb')
DEB [20160331-14:16:12.394] thr=2   paramiko.transport.sftp: [chan 1] open('/opt/ctr/ctr/ctrapp/ctr/ctrarchive/outfiles/riskwatch/GSBL_CSM_T-Bill_D_20160330_25_Stress_Testing.csv.mrk', 'rb') -> 00000000
DEB [20160331-14:16:12.408] thr=2   paramiko.transport.sftp: [chan 1] close(00000000)
DEB [20160331-14:16:12.408] thr=2   paramiko.transport.sftp: [chan 1] stat('/opt/ctr/ctr/ctrapp/ctr/ctrarchive/outfiles/riskwatch/GSBL_Repo_Reverse_Repo_D_20160330_25_Stress_Testing.csv')
DEB [20160331-14:16:12.408] thr=2   paramiko.transport.sftp: [chan 1] open('/opt/ctr/ctr/ctrapp/ctr/ctrarchive/outfiles/riskwatch/GSBL_Repo_Reverse_Repo_D_20160330_25_Stress_Testing.csv', 'rb')
DEB [20160331-14:16:12.424] thr=2   paramiko.transport.sftp: [chan 1] open('/opt/ctr/ctr/ctrapp/ctr/ctrarchive/outfiles/riskwatch/GSBL_Repo_Reverse_Repo_D_20160330_25_Stress_Testing.csv', 'rb') -> 00000000
DEB [20160331-14:16:12.440] thr=2   paramiko.transport.sftp: [chan 1] close(00000000)
DEB [20160331-14:16:12.440] thr=2   paramiko.transport.sftp: [chan 1] stat('/opt/ctr/ctr/ctrapp/ctr/ctrarchive/outfiles/riskwatch/GSBL_Repo_Reverse_Repo_D_20160330_25_Stress_Testing.csv.mrk')
DEB [20160331-14:16:12.440] thr=2   paramiko.transport.sftp: [chan 1] open('/opt/ctr/ctr/ctrapp/ctr/ctrarchive/outfiles/riskwatch/GSBL_Repo_Reverse_Repo_D_20160330_25_Stress_Testing.csv.mrk', 'rb')
DEB [20160331-14:16:12.440] thr=2   paramiko.transport.sftp: [chan 1] open('/opt/ctr/ctr/ctrapp/ctr/ctrarchive/outfiles/riskwatch/GSBL_Repo_Reverse_Repo_D_20160330_25_Stress_Testing.csv.mrk', 'rb') -> 00000000
DEB [20160331-14:16:12.456] thr=2   paramiko.transport.sftp: [chan 1] close(00000000)
DEB [20160331-14:16:12.456] thr=2   paramiko.transport.sftp: [chan 1] stat('/opt/ctr/ctr/ctrapp/ctr/ctrarchive/outfiles/riskwatch/GSBL_Cash_Instrument_D_20160330_25_Stress_Testing.csv')
DEB [20160331-14:16:12.456] thr=2   paramiko.transport.sftp: [chan 1] open('/opt/ctr/ctr/ctrapp/ctr/ctrarchive/outfiles/riskwatch/GSBL_Cash_Instrument_D_20160330_25_Stress_Testing.csv', 'rb')
DEB [20160331-14:16:12.456] thr=2   paramiko.transport.sftp: [chan 1] open('/opt/ctr/ctr/ctrapp/ctr/ctrarchive/outfiles/riskwatch/GSBL_Cash_Instrument_D_20160330_25_Stress_Testing.csv', 'rb') -> 00000000
DEB [20160331-14:16:12.471] thr=2   paramiko.transport.sftp: [chan 1] close(00000000)
DEB [20160331-14:16:12.471] thr=2   paramiko.transport.sftp: [chan 1] stat('/opt/ctr/ctr/ctrapp/ctr/ctrarchive/outfiles/riskwatch/GSBL_Cash_Instrument_D_20160330_25_Stress_Testing.csv.mrk')
DEB [20160331-14:16:12.471] thr=2   paramiko.transport.sftp: [chan 1] open('/opt/ctr/ctr/ctrapp/ctr/ctrarchive/outfiles/riskwatch/GSBL_Cash_Instrument_D_20160330_25_Stress_Testing.csv.mrk', 'rb')
DEB [20160331-14:16:12.486] thr=2   paramiko.transport.sftp: [chan 1] open('/opt/ctr/ctr/ctrapp/ctr/ctrarchive/outfiles/riskwatch/GSBL_Cash_Instrument_D_20160330_25_Stress_Testing.csv.mrk', 'rb') -> 00000000
DEB [20160331-14:16:12.503] thr=2   paramiko.transport.sftp: [chan 1] close(00000000)
DEB [20160331-14:16:12.503] thr=2   paramiko.transport.sftp: [chan 1] stat('/opt/ctr/ctr/ctrapp/ctr/ctrarchive/outfiles/riskwatch/GSBL_CSM_Equity_D_20160330_25_Stress_Testing.csv')
DEB [20160331-14:16:12.503] thr=2   paramiko.transport.sftp: [chan 1] open('/opt/ctr/ctr/ctrapp/ctr/ctrarchive/outfiles/riskwatch/GSBL_CSM_Equity_D_20160330_25_Stress_Testing.csv', 'rb')
DEB [20160331-14:16:12.503] thr=2   paramiko.transport.sftp: [chan 1] open('/opt/ctr/ctr/ctrapp/ctr/ctrarchive/outfiles/riskwatch/GSBL_CSM_Equity_D_20160330_25_Stress_Testing.csv', 'rb') -> 00000000
DEB [20160331-14:16:12.565] thr=2   paramiko.transport.sftp: [chan 1] close(00000000)
DEB [20160331-14:16:12.565] thr=2   paramiko.transport.sftp: [chan 1] stat('/opt/ctr/ctr/ctrapp/ctr/ctrarchive/outfiles/riskwatch/GSBL_CSM_Equity_D_20160330_25_Stress_Testing.csv.mrk')
DEB [20160331-14:16:12.581] thr=2   paramiko.transport.sftp: [chan 1] open('/opt/ctr/ctr/ctrapp/ctr/ctrarchive/outfiles/riskwatch/GSBL_CSM_Equity_D_20160330_25_Stress_Testing.csv.mrk', 'rb')
DEB [20160331-14:16:12.581] thr=2   paramiko.transport.sftp: [chan 1] open('/opt/ctr/ctr/ctrapp/ctr/ctrarchive/outfiles/riskwatch/GSBL_CSM_Equity_D_20160330_25_Stress_Testing.csv.mrk', 'rb') -> 00000000
DEB [20160331-14:16:12.595] thr=2   paramiko.transport.sftp: [chan 1] close(00000000)
DEB [20160331-14:16:12.595] thr=2   paramiko.transport.sftp: [chan 1] stat('/opt/ctr/ctr/ctrapp/ctr/ctrarchive/outfiles/riskwatch/GSBL_Position_SBLOTC_D_20160330_25_Stress_Testing.csv')
DEB [20160331-14:16:12.595] thr=2   paramiko.transport.sftp: [chan 1] open('/opt/ctr/ctr/ctrapp/ctr/ctrarchive/outfiles/riskwatch/GSBL_Position_SBLOTC_D_20160330_25_Stress_Testing.csv', 'rb')
DEB [20160331-14:16:12.595] thr=2   paramiko.transport.sftp: [chan 1] open('/opt/ctr/ctr/ctrapp/ctr/ctrarchive/outfiles/riskwatch/GSBL_Position_SBLOTC_D_20160330_25_Stress_Testing.csv', 'rb') -> 00000000
DEB [20160331-14:16:13.625] thr=2   paramiko.transport.sftp: [chan 1] close(00000000)
DEB [20160331-14:16:13.625] thr=2   paramiko.transport.sftp: [chan 1] stat('/opt/ctr/ctr/ctrapp/ctr/ctrarchive/outfiles/riskwatch/GSBL_Position_SBLOTC_D_20160330_25_Stress_Testing.csv.mrk')
DEB [20160331-14:16:13.627] thr=2   paramiko.transport.sftp: [chan 1] open('/opt/ctr/ctr/ctrapp/ctr/ctrarchive/outfiles/riskwatch/GSBL_Position_SBLOTC_D_20160330_25_Stress_Testing.csv.mrk', 'rb')
DEB [20160331-14:16:13.627] thr=2   paramiko.transport.sftp: [chan 1] open('/opt/ctr/ctr/ctrapp/ctr/ctrarchive/outfiles/riskwatch/GSBL_Position_SBLOTC_D_20160330_25_Stress_Testing.csv.mrk', 'rb') -> 00000000
DEB [20160331-14:16:13.641] thr=2   paramiko.transport.sftp: [chan 1] close(00000000)
DEB [20160331-14:16:13.657] thr=2   paramiko.transport.sftp: [chan 1] stat('/opt/ctr/ctr/ctrapp/ctr/ctrarchive/outfiles/riskwatch/GSBL_Foreign_Exchange_D_20160330_25_Stress_Testing.csv')
DEB [20160331-14:16:13.657] thr=2   paramiko.transport.sftp: [chan 1] open('/opt/ctr/ctr/ctrapp/ctr/ctrarchive/outfiles/riskwatch/GSBL_Foreign_Exchange_D_20160330_25_Stress_Testing.csv', 'rb')
DEB [20160331-14:16:13.657] thr=2   paramiko.transport.sftp: [chan 1] open('/opt/ctr/ctr/ctrapp/ctr/ctrarchive/outfiles/riskwatch/GSBL_Foreign_Exchange_D_20160330_25_Stress_Testing.csv', 'rb') -> 00000000
DEB [20160331-14:16:13.657] thr=2   paramiko.transport.sftp: [chan 1] close(00000000)
DEB [20160331-14:16:13.674] thr=2   paramiko.transport.sftp: [chan 1] stat('/opt/ctr/ctr/ctrapp/ctr/ctrarchive/outfiles/riskwatch/GSBL_Foreign_Exchange_D_20160330_25_Stress_Testing.csv.mrk')
DEB [20160331-14:16:13.674] thr=2   paramiko.transport.sftp: [chan 1] open('/opt/ctr/ctr/ctrapp/ctr/ctrarchive/outfiles/riskwatch/GSBL_Foreign_Exchange_D_20160330_25_Stress_Testing.csv.mrk', 'rb')
DEB [20160331-14:16:13.674] thr=2   paramiko.transport.sftp: [chan 1] open('/opt/ctr/ctr/ctrapp/ctr/ctrarchive/outfiles/riskwatch/GSBL_Foreign_Exchange_D_20160330_25_Stress_Testing.csv.mrk', 'rb') -> 00000000
DEB [20160331-14:16:13.704] thr=2   paramiko.transport.sftp: [chan 1] close(00000000)
DEB [20160331-14:16:13.704] thr=2   paramiko.transport.sftp: [chan 1] stat('/opt/ctr/ctr/ctrapp/ctr/ctrarchive/outfiles/riskwatch/GSBL_CSM_Fixed_Rate_Bond_D_20160330_25_Stress_Testing.csv')
DEB [20160331-14:16:13.704] thr=2   paramiko.transport.sftp: [chan 1] open('/opt/ctr/ctr/ctrapp/ctr/ctrarchive/outfiles/riskwatch/GSBL_CSM_Fixed_Rate_Bond_D_20160330_25_Stress_Testing.csv', 'rb')
DEB [20160331-14:16:13.704] thr=2   paramiko.transport.sftp: [chan 1] open('/opt/ctr/ctr/ctrapp/ctr/ctrarchive/outfiles/riskwatch/GSBL_CSM_Fixed_Rate_Bond_D_20160330_25_Stress_Testing.csv', 'rb') -> 00000000
DEB [20160331-14:16:13.752] thr=2   paramiko.transport.sftp: [chan 1] close(00000000)
DEB [20160331-14:16:13.766] thr=2   paramiko.transport.sftp: [chan 1] stat('/opt/ctr/ctr/ctrapp/ctr/ctrarchive/outfiles/riskwatch/GSBL_CSM_Fixed_Rate_Bond_D_20160330_25_Stress_Testing.csv.mrk')
DEB [20160331-14:16:13.766] thr=2   paramiko.transport.sftp: [chan 1] open('/opt/ctr/ctr/ctrapp/ctr/ctrarchive/outfiles/riskwatch/GSBL_CSM_Fixed_Rate_Bond_D_20160330_25_Stress_Testing.csv.mrk', 'rb')
DEB [20160331-14:16:13.766] thr=2   paramiko.transport.sftp: [chan 1] open('/opt/ctr/ctr/ctrapp/ctr/ctrarchive/outfiles/riskwatch/GSBL_CSM_Fixed_Rate_Bond_D_20160330_25_Stress_Testing.csv.mrk', 'rb') -> 00000000
DEB [20160331-14:16:13.782] thr=2   paramiko.transport.sftp: [chan 1] close(00000000)
DEB [20160331-14:16:13.798] thr=2   paramiko.transport.sftp: [chan 1] stat('/opt/ctr/ctr/ctrapp/ctr/ctrarchive/outfiles/riskwatch/GSBL_Portfolio_D_20160330_25_Stress_Testing.csv')
DEB [20160331-14:16:13.798] thr=2   paramiko.transport.sftp: [chan 1] open('/opt/ctr/ctr/ctrapp/ctr/ctrarchive/outfiles/riskwatch/GSBL_Portfolio_D_20160330_25_Stress_Testing.csv', 'rb')
DEB [20160331-14:16:13.798] thr=2   paramiko.transport.sftp: [chan 1] open('/opt/ctr/ctr/ctrapp/ctr/ctrarchive/outfiles/riskwatch/GSBL_Portfolio_D_20160330_25_Stress_Testing.csv', 'rb') -> 00000000
DEB [20160331-14:16:13.829] thr=2   paramiko.transport.sftp: [chan 1] close(00000000)
DEB [20160331-14:16:13.845] thr=2   paramiko.transport.sftp: [chan 1] stat('/opt/ctr/ctr/ctrapp/ctr/ctrarchive/outfiles/riskwatch/GSBL_Portfolio_D_20160330_25_Stress_Testing.csv.mrk')
DEB [20160331-14:16:13.845] thr=2   paramiko.transport.sftp: [chan 1] open('/opt/ctr/ctr/ctrapp/ctr/ctrarchive/outfiles/riskwatch/GSBL_Portfolio_D_20160330_25_Stress_Testing.csv.mrk', 'rb')
DEB [20160331-14:16:13.845] thr=2   paramiko.transport.sftp: [chan 1] open('/opt/ctr/ctr/ctrapp/ctr/ctrarchive/outfiles/riskwatch/GSBL_Portfolio_D_20160330_25_Stress_Testing.csv.mrk', 'rb') -> 00000000
DEB [20160331-14:16:13.861] thr=2   paramiko.transport.sftp: [chan 1] close(00000000)
DEB [20160331-14:16:13.970] thr=1   paramiko.transport: EOF in transport thread
